Mon Nov 18 00:41:35 2024       
+-----------------------------------------------------------------------------------------+
| NVIDIA-SMI 550.120                Driver Version: 550.120        CUDA Version: 12.4     |
|-----------------------------------------+------------------------+----------------------+
| GPU  Name                 Persistence-M | Bus-Id          Disp.A | Volatile Uncorr. ECC |
| Fan  Temp   Perf          Pwr:Usage/Cap |           Memory-Usage | GPU-Util  Compute M. |
|                                         |                        |               MIG M. |
|=========================================+========================+======================|
|   0  NVIDIA GeForce RTX 3090        On  |   00000000:27:00.0 Off |                  N/A |
| 61%   62C    P2            187W /  350W |    9425MiB /  24576MiB |     84%      Default |
|                                         |                        |                  N/A |
+-----------------------------------------+------------------------+----------------------+
|   1  NVIDIA GeForce RTX 3090        On  |   00000000:28:00.0 Off |                  N/A |
| 69%   67C    P2            196W /  350W |    9425MiB /  24576MiB |     78%      Default |
|                                         |                        |                  N/A |
+-----------------------------------------+------------------------+----------------------+
|   2  NVIDIA GeForce RTX 3090        On  |   00000000:43:00.0 Off |                  N/A |
| 44%   49C    P5            105W /  350W |       2MiB /  24576MiB |      0%      Default |
|                                         |                        |                  N/A |
+-----------------------------------------+------------------------+----------------------+
|   3  NVIDIA GeForce RTX 3090        On  |   00000000:44:00.0 Off |                  N/A |
| 42%   50C    P0            107W /  350W |       2MiB /  24576MiB |      0%      Default |
|                                         |                        |                  N/A |
+-----------------------------------------+------------------------+----------------------+
|   4  NVIDIA GeForce RTX 3090        On  |   00000000:A3:00.0 Off |                  N/A |
| 41%   49C    P2            155W /  350W |   10923MiB /  24576MiB |     39%      Default |
|                                         |                        |                  N/A |
+-----------------------------------------+------------------------+----------------------+
|   5  NVIDIA GeForce RTX 3090        On  |   00000000:A4:00.0 Off |                  N/A |
| 30%   41C    P0            106W /  350W |       2MiB /  24576MiB |      0%      Default |
|                                         |                        |                  N/A |
+-----------------------------------------+------------------------+----------------------+
|   6  NVIDIA GeForce RTX 3090        On  |   00000000:C3:00.0 Off |                  N/A |
| 44%   52C    P2            190W /  350W |    9331MiB /  24576MiB |     76%      Default |
|                                         |                        |                  N/A |
+-----------------------------------------+------------------------+----------------------+
|   7  NVIDIA GeForce RTX 3090        On  |   00000000:C4:00.0 Off |                  N/A |
| 48%   52C    P2            180W /  350W |    9377MiB /  24576MiB |     83%      Default |
|                                         |                        |                  N/A |
+-----------------------------------------+------------------------+----------------------+
                                                                                         
+-----------------------------------------------------------------------------------------+
| Processes:                                                                              |
|  GPU   GI   CI        PID   Type   Process name                              GPU Memory |
|        ID   ID                                                               Usage      |
|=========================================================================================|
|    0   N/A  N/A   2264259      C   python                                       9292MiB |
|    1   N/A  N/A    774719      C   python                                       9302MiB |
|    4   N/A  N/A   1953950      C   python                                      10916MiB |
|    6   N/A  N/A   1969697      C   python                                       9262MiB |
|    7   N/A  N/A    684208      C   python                                       9292MiB |
+-----------------------------------------------------------------------------------------+
Running job 99254 with config: configs/param_sweep/CCXN_lr_1e-03.json
{
    "name": "CCXN_lr_1e-03",
    "model": "CCXNModel",
    "hidden_dimensions": 100,
    "n_layers": 20,
    "learning_rate": 0.001,
    "num_epochs": 100,
    "test_interval": 5,
    "test_size": 0.2,
    "dataset": "zinc_small",
    "gradient_accumulation_steps": 100,
    "epoch_size": 10000
}
wandb: Using wandb-core as the SDK backend.  Please refer to https://wandb.me/wandb-core for more information.
wandb: Currently logged in as: jhorovitz (jhorovitz-tel-aviv-university). Use `wandb login --relogin` to force relogin
wandb: Tracking run with wandb version 0.18.7
wandb: Run data is saved locally in /home/dcor/jh1/code/gnn/wandb/run-20241118_004145-nuox6olj
wandb: Run `wandb offline` to turn off syncing.
wandb: Syncing run 99254 - configs/param_sweep/CCXN_lr_1e-03.json
wandb: ⭐️ View project at https://wandb.ai/jhorovitz-tel-aviv-university/GNN
wandb: 🚀 View run at https://wandb.ai/jhorovitz-tel-aviv-university/GNN/runs/nuox6olj
Parameters: 410603
Loaded dataset/pkl_data/zinc_0.pkl in 1.570164s
adding graph matrices took: 33.144575s
Data loaded: 20788
Starting training...
Epoch 1/100 Training:   0%|          | 0/10000 [00:00<?, ?graph/s]Epoch 1/100 Training:   0%|          | 0/10000 [00:00<?, ?graph/s]
Traceback (most recent call last):
  File "/home/dcor/jh1/code/gnn/train.py", line 211, in <module>
    main()
  File "/home/dcor/jh1/code/gnn/train.py", line 207, in main
    train_model(model, train_data, test_data, config, output_dir=output_dir)
  File "/home/dcor/jh1/code/gnn/train.py", line 115, in train_model
    y_hat = model(graph)
            ^^^^^^^^^^^^
  File "/home/dcor/jh1/miniforge3/envs/gnn/lib/python3.11/site-packages/torch/nn/modules/module.py", line 1736, in _wrapped_call_impl
    return self._call_impl(*args, **kwargs)
           ^^^^^^^^^^^^^^^^^^^^^^^^^^^^^^^^
  File "/home/dcor/jh1/miniforge3/envs/gnn/lib/python3.11/site-packages/torch/nn/modules/module.py", line 1747, in _call_impl
    return forward_call(*args, **kwargs)
           ^^^^^^^^^^^^^^^^^^^^^^^^^^^^^
  File "/home/dcor/jh1/code/gnn/train/ccxn.py", line 40, in forward
    x_0, x_1, x_2 = self.base_model(x_0, x_1, adjacency_0, incidence_2_t, x_2=x_2)
                    ^^^^^^^^^^^^^^^^^^^^^^^^^^^^^^^^^^^^^^^^^^^^^^^^^^^^^^^^^^^^^^
  File "/home/dcor/jh1/miniforge3/envs/gnn/lib/python3.11/site-packages/torch/nn/modules/module.py", line 1736, in _wrapped_call_impl
    return self._call_impl(*args, **kwargs)
           ^^^^^^^^^^^^^^^^^^^^^^^^^^^^^^^^
  File "/home/dcor/jh1/miniforge3/envs/gnn/lib/python3.11/site-packages/torch/nn/modules/module.py", line 1747, in _call_impl
    return forward_call(*args, **kwargs)
           ^^^^^^^^^^^^^^^^^^^^^^^^^^^^^
TypeError: CCXN.forward() got an unexpected keyword argument 'x_2'
[1;34mwandb[0m: 🚀 View run [33m99254 - configs/param_sweep/CCXN_lr_1e-03.json[0m at: [34mhttps://wandb.ai/jhorovitz-tel-aviv-university/GNN/runs/nuox6olj[0m
[1;34mwandb[0m: Find logs at: [1;35mwandb/run-20241118_004145-nuox6olj/logs[0m
slurmstepd: error: _cgroup_procs_check: failed on path (null)/cgroup.procs: No such file or directory
slurmstepd: error: Cannot write to cgroup.procs for (null)
slurmstepd: error: Unable to move pid 2648166 to init root cgroup (null)
