Fri Nov 22 15:51:02 2024       
+-----------------------------------------------------------------------------------------+
| NVIDIA-SMI 550.120                Driver Version: 550.120        CUDA Version: 12.4     |
|-----------------------------------------+------------------------+----------------------+
| GPU  Name                 Persistence-M | Bus-Id          Disp.A | Volatile Uncorr. ECC |
| Fan  Temp   Perf          Pwr:Usage/Cap |           Memory-Usage | GPU-Util  Compute M. |
|                                         |                        |               MIG M. |
|=========================================+========================+======================|
|   0  NVIDIA GeForce RTX 3090        On  |   00000000:3D:00.0 Off |                  N/A |
| 71%   68C    P2            264W /  350W |    9145MiB /  24576MiB |     96%      Default |
|                                         |                        |                  N/A |
+-----------------------------------------+------------------------+----------------------+
|   1  NVIDIA GeForce RTX 3090        On  |   00000000:3E:00.0 Off |                  N/A |
| 30%   30C    P5             41W /  350W |       2MiB /  24576MiB |      0%      Default |
|                                         |                        |                  N/A |
+-----------------------------------------+------------------------+----------------------+
|   2  NVIDIA GeForce RTX 3090        On  |   00000000:60:00.0 Off |                  N/A |
| 30%   29C    P5             43W /  350W |       2MiB /  24576MiB |      0%      Default |
|                                         |                        |                  N/A |
+-----------------------------------------+------------------------+----------------------+
|   3  NVIDIA GeForce RTX 3090        On  |   00000000:61:00.0 Off |                  N/A |
| 38%   46C    P2            108W /  350W |    1045MiB /  24576MiB |     21%      Default |
|                                         |                        |                  N/A |
+-----------------------------------------+------------------------+----------------------+
|   4  NVIDIA GeForce RTX 3090        On  |   00000000:B1:00.0 Off |                  N/A |
| 30%   31C    P2            102W /  350W |    1031MiB /  24576MiB |     21%      Default |
|                                         |                        |                  N/A |
+-----------------------------------------+------------------------+----------------------+
|   5  NVIDIA GeForce RTX 3090        On  |   00000000:B2:00.0 Off |                  N/A |
| 30%   34C    P2            104W /  350W |    1079MiB /  24576MiB |     20%      Default |
|                                         |                        |                  N/A |
+-----------------------------------------+------------------------+----------------------+
|   6  NVIDIA GeForce RTX 3090        On  |   00000000:DA:00.0 Off |                  N/A |
| 30%   30C    P5             41W /  350W |       2MiB /  24576MiB |      0%      Default |
|                                         |                        |                  N/A |
+-----------------------------------------+------------------------+----------------------+
|   7  NVIDIA GeForce RTX 3090        On  |   00000000:DB:00.0 Off |                  N/A |
| 30%   31C    P5             34W /  350W |       2MiB /  24576MiB |      0%      Default |
|                                         |                        |                  N/A |
+-----------------------------------------+------------------------+----------------------+
                                                                                         
+-----------------------------------------------------------------------------------------+
| Processes:                                                                              |
|  GPU   GI   CI        PID   Type   Process name                              GPU Memory |
|        ID   ID                                                               Usage      |
|=========================================================================================|
|    0   N/A  N/A   2305436      C   python                                       9138MiB |
|    3   N/A  N/A   3205928      C   .../jh1/miniforge3/envs/gnn/bin/python       1038MiB |
|    4   N/A  N/A   3205926      C   .../jh1/miniforge3/envs/gnn/bin/python       1024MiB |
|    5   N/A  N/A   3205933      C   .../jh1/miniforge3/envs/gnn/bin/python       1072MiB |
+-----------------------------------------------------------------------------------------+
Running job 108890 with config: configs/param_sweep_4/HMC_small_molhiv.json
{
    "name": "HMC_small_molhiv",
    "model": "HMCModel",
    "hidden_dimensions": 12,
    "n_layers": 4,
    "learning_rate": 0.001,
    "num_epochs": 50,
    "test_interval": 5,
    "test_size": 0.2,
    "dataset": "molhiv",
    "gradient_accumulation_steps": 400,
    "epoch_size": 5000
}
wandb: Using wandb-core as the SDK backend.  Please refer to https://wandb.me/wandb-core for more information.
wandb: Currently logged in as: jhorovitz (jhorovitz-tel-aviv-university). Use `wandb login --relogin` to force relogin
wandb: Tracking run with wandb version 0.18.7
wandb: Run data is saved locally in /home/dcor/jh1/code/gnn/wandb/run-20241122_155113-t4rkjisc
wandb: Run `wandb offline` to turn off syncing.
wandb: Syncing run 108890 - configs/param_sweep_4/HMC_small_molhiv.json
wandb: ⭐️ View project at https://wandb.ai/jhorovitz-tel-aviv-university/GNN
wandb: 🚀 View run at https://wandb.ai/jhorovitz-tel-aviv-university/GNN/runs/t4rkjisc
Parameters: 2235
Traceback (most recent call last):
  File "/home/dcor/jh1/code/gnn/train.py", line 218, in <module>
    main()
  File "/home/dcor/jh1/code/gnn/train.py", line 208, in main
    full_data = prepare_data(config, model)
                ^^^^^^^^^^^^^^^^^^^^^^^^^^^
  File "/home/dcor/jh1/code/gnn/train.py", line 68, in prepare_data
    [model.add_graph_matrices(graph) for graph in data]
  File "/home/dcor/jh1/code/gnn/train.py", line 68, in <listcomp>
    [model.add_graph_matrices(graph) for graph in data]
     ^^^^^^^^^^^^^^^^^^^^^^^^^^^^^^^
  File "/home/dcor/jh1/code/gnn/train/hmc.py", line 81, in add_graph_matrices
    coadjacency_2.setdiag(0)
    ^^^^^^^^^^^^^^^^^^^^^
AttributeError: 'numpy.float64' object has no attribute 'setdiag'
[1;34mwandb[0m: 🚀 View run [33m108890 - configs/param_sweep_4/HMC_small_molhiv.json[0m at: [34mhttps://wandb.ai/jhorovitz-tel-aviv-university/GNN/runs/t4rkjisc[0m
[1;34mwandb[0m: Find logs at: [1;35mwandb/run-20241122_155113-t4rkjisc/logs[0m
slurmstepd: error: _cgroup_procs_check: failed on path (null)/cgroup.procs: No such file or directory
slurmstepd: error: Cannot write to cgroup.procs for (null)
slurmstepd: error: Unable to move pid 3266060 to init root cgroup (null)
