Running job local_76202 with config: configs/param_sweep_4/HMC_small_molhiv.json
{
    "name": "HMC_small_molhiv",
    "model": "HMCModel",
    "hidden_dimensions": 12,
    "n_layers": 4,
    "learning_rate": 0.001,
    "num_epochs": 50,
    "test_interval": 5,
    "test_size": 0.2,
    "dataset": "molhiv",
    "gradient_accumulation_steps": 400,
    "epoch_size": 5000
}
Parameters: 2235
Filtered out 694 graphs with no cells.
adding graph matrices took: 1.504626s
Data loaded: 434
Starting training...
Epoch:5, Train Loss: 3.7146, Test Loss: 4.3069, R2: 0.0799, MAE: 1.6282, RMSE: 2.0753
Epoch:10, Train Loss: 3.5060, Test Loss: 3.9773, R2: 0.1503, MAE: 1.5869, RMSE: 1.9943
Epoch:15, Train Loss: 3.5087, Test Loss: 3.6797, R2: 0.2139, MAE: 1.5470, RMSE: 1.9182
Epoch:20, Train Loss: 3.4066, Test Loss: 3.5832, R2: 0.2345, MAE: 1.5277, RMSE: 1.8929
Epoch:25, Train Loss: 3.3903, Test Loss: 3.5045, R2: 0.2514, MAE: 1.5007, RMSE: 1.8720
Epoch:30, Train Loss: 3.3587, Test Loss: 3.4997, R2: 0.2524, MAE: 1.5067, RMSE: 1.8707
Epoch:35, Train Loss: 3.4612, Test Loss: 3.4146, R2: 0.2706, MAE: 1.4756, RMSE: 1.8479
Epoch:40, Train Loss: 3.3819, Test Loss: 3.4696, R2: 0.2588, MAE: 1.5012, RMSE: 1.8627
Epoch:45, Train Loss: 3.4273, Test Loss: 3.4630, R2: 0.2602, MAE: 1.4976, RMSE: 1.8609
Epoch:50, Train Loss: 3.2943, Test Loss: 3.3596, R2: 0.2823, MAE: 1.4399, RMSE: 1.8329
